<?xml version="1.0" encoding="UTF-8"?>
<!-- Generated by org.testng.reporters.JUnitXMLReporter -->
<testsuite ignored="0" hostname="Prince" failures="0" tests="3" name="Test" time="3.701" errors="0" timestamp="2022-11-12T22:00:01 CET">
  <testcase classname="com.qa.api.test.KnimeTest" name="createSpace" time="2.178"/>
  <testcase classname="com.qa.api.test.KnimeTest" name="deleteSpace" time="0.915"/>
  <testcase classname="com.qa.api.test.KnimeTest" name="getSpace" time="0.204"/>
</testsuite> <!-- Test -->
