<?xml version="1.0" encoding="UTF-8"?>
<testng-results ignored="0" total="3" passed="3" failed="0" skipped="0">
  <reporter-output>
  </reporter-output>
  <suite started-at="2022-11-12T21:59:58 CET" name="Suite" finished-at="2022-11-12T22:00:01 CET" duration-ms="3701">
    <groups>
    </groups>
    <test started-at="2022-11-12T21:59:58 CET" name="Test" finished-at="2022-11-12T22:00:01 CET" duration-ms="3701">
      <class name="com.qa.api.test.KnimeTest">
        <test-method is-config="true" signature="init()[pri:0, instance:com.qa.api.test.KnimeTest@76508ed1]" started-at="2022-11-12T21:59:58 CET" name="init" finished-at="2022-11-12T21:59:58 CET" duration-ms="366" status="PASS">
          <reporter-output>
          </reporter-output>
        </test-method> <!-- init -->
        <test-method signature="createSpace()[pri:0, instance:com.qa.api.test.KnimeTest@76508ed1]" started-at="2022-11-12T21:59:58 CET" name="createSpace" finished-at="2022-11-12T22:00:00 CET" duration-ms="2178" status="PASS">
          <reporter-output>
          </reporter-output>
        </test-method> <!-- createSpace -->
        <test-method signature="deleteSpace()[pri:0, instance:com.qa.api.test.KnimeTest@76508ed1]" started-at="2022-11-12T22:00:00 CET" name="deleteSpace" finished-at="2022-11-12T22:00:01 CET" duration-ms="915" status="PASS">
          <reporter-output>
          </reporter-output>
        </test-method> <!-- deleteSpace -->
        <test-method signature="getSpace()[pri:0, instance:com.qa.api.test.KnimeTest@76508ed1]" started-at="2022-11-12T22:00:01 CET" name="getSpace" finished-at="2022-11-12T22:00:01 CET" duration-ms="204" status="PASS">
          <reporter-output>
          </reporter-output>
        </test-method> <!-- getSpace -->
      </class> <!-- com.qa.api.test.KnimeTest -->
    </test> <!-- Test -->
  </suite> <!-- Suite -->
</testng-results>
