<?xml version="1.0" encoding="UTF-8"?>
<testng-results ignored="0" total="1" passed="1" failed="0" skipped="0">
  <reporter-output>
  </reporter-output>
  <suite started-at="2022-11-14T16:28:31 CET" name="Suite" finished-at="2022-11-14T16:28:54 CET" duration-ms="23011">
    <groups>
      <group name="cucumber">
        <method signature="AbstractTestNGCucumberTests.runScenario(io.cucumber.testng.PickleWrapper,io.cucumber.testng.FeatureWrapper)[pri:0, instance:com.qa.auto.modules.TestRunner@7d8995e]" name="runScenario" class="io.cucumber.testng.AbstractTestNGCucumberTests"/>
      </group> <!-- cucumber -->
    </groups>
    <test started-at="2022-11-14T16:28:31 CET" name="Test" finished-at="2022-11-14T16:28:54 CET" duration-ms="23011">
      <class name="com.qa.auto.modules.TestRunner">
        <test-method is-config="true" signature="setUpClass()[pri:0, instance:com.qa.auto.modules.TestRunner@7d8995e]" started-at="2022-11-14T16:28:31 CET" name="setUpClass" finished-at="2022-11-14T16:28:31 CET" duration-ms="457" status="PASS">
          <reporter-output>
          </reporter-output>
        </test-method> <!-- setUpClass -->
        <test-method signature="runScenario(io.cucumber.testng.PickleWrapper,io.cucumber.testng.FeatureWrapper)[pri:0, instance:com.qa.auto.modules.TestRunner@7d8995e]" started-at="2022-11-14T16:28:31 CET" name="runScenario" description="Runs Cucumber Scenarios" data-provider="scenarios" finished-at="2022-11-14T16:28:54 CET" duration-ms="22149" status="PASS">
          <params>
            <param index="0">
              <value>
                <![CDATA["Verify creation and deletion of new space"]]>
              </value>
            </param>
            <param index="1">
              <value>
                <![CDATA["Optional[Validating creation of new space]"]]>
              </value>
            </param>
          </params>
          <reporter-output>
          </reporter-output>
        </test-method> <!-- runScenario -->
        <test-method is-config="true" signature="tearDownClass()[pri:0, instance:com.qa.auto.modules.TestRunner@7d8995e]" started-at="2022-11-14T16:28:54 CET" name="tearDownClass" finished-at="2022-11-14T16:28:54 CET" duration-ms="379" status="PASS">
          <reporter-output>
          </reporter-output>
        </test-method> <!-- tearDownClass -->
      </class> <!-- com.qa.auto.modules.TestRunner -->
    </test> <!-- Test -->
  </suite> <!-- Suite -->
</testng-results>
